[2026-01-21 22:02:57] [INFO] [SERVER] Starting server...
[2026-01-21 22:02:57] [INFO] [SERVER] Server started successfully
[2026-01-21 22:03:41] [INFO] [SERVER] Server stopped
[2026-01-21 22:05:26] [INFO] [SERVER] Starting server...
[2026-01-21 22:05:26] [INFO] [SERVER] Server started successfully
[2026-01-21 22:12:48] [INFO] Serveur démarré
[2026-01-21 22:12:48] [INFO] Serveur prêt à accepter les connexions
[2026-01-21 22:17:31] [INFO] Serveur démarré
[2026-01-21 22:17:31] [INFO] Serveur prêt à accepter les connexions
[2026-01-21 22:19:09] [INFO] Serveur démarré
[2026-01-21 22:19:09] [INFO] Serveur prêt à accepter les connexions
[2026-01-21 22:23:33] [INFO] Serveur démarré
[2026-01-21 22:23:33] [INFO] Serveur prêt à accepter les connexions
[2026-01-22 08:18:15] [INFO] Serveur démarré
[2026-01-22 08:18:15] [INFO] Serveur prêt à accepter les connexions
[2026-01-28 13:40:21] [INFO] Serveur démarré
[2026-01-28 13:40:21] [INFO] Serveur prêt à accepter les connexions
[2026-01-28 18:28:30] [INFO] Serveur démarré
[2026-01-28 18:28:30] [INFO] Serveur prêt à accepter les connexions
[2026-01-28 20:22:05] [INFO] Serveur démarré
[2026-01-28 20:22:05] [INFO] Serveur prêt à accepter les connexions
[2026-01-28 20:24:52] [INFO] Serveur démarré
[2026-01-28 20:24:52] [INFO] Serveur prêt à accepter les connexions
[2026-01-28 20:25:04] [INFO] Serveur arrêté
[2026-01-29 10:56:33] [INFO] Serveur démarré
[2026-01-29 10:56:33] [INFO] Serveur prêt à accepter les connexions
[2026-01-29 11:02:30] [INFO] Serveur démarré
[2026-01-29 11:02:30] [INFO] Serveur prêt à accepter les connexions
[2026-01-29 11:13:08] [INFO] Serveur démarré
[2026-01-29 11:13:08] [INFO] Serveur prêt à accepter les connexions
[2026-01-29 11:27:21] [INFO] Serveur démarré
[2026-01-29 11:27:21] [INFO] Serveur prêt à accepter les connexions
[2026-01-29 11:28:01] [INFO] Serveur démarré
[2026-01-29 11:28:01] [INFO] Serveur prêt à accepter les connexions
[2026-01-29 11:29:02] [INFO] Serveur démarré
[2026-01-29 11:29:02] [INFO] Serveur prêt à accepter les connexions
[2026-01-29 11:34:16] [INFO] Serveur démarré
[2026-01-29 11:34:16] [INFO] Serveur prêt à accepter les connexions
[2026-01-29 11:40:44] [INFO] Serveur démarré
[2026-01-29 11:40:44] [INFO] Serveur prêt à accepter les connexions
[2026-01-29 11:50:30] [INFO] Serveur démarré
[2026-01-29 11:50:30] [INFO] Serveur prêt à accepter les connexions
[2026-01-29 19:02:04] [INFO] Serveur démarré
[2026-01-29 19:02:04] [INFO] Serveur prêt à accepter les connexions
[2026-01-29 19:19:09] [INFO] Serveur démarré
[2026-01-29 19:19:09] [INFO] Serveur prêt à accepter les connexions
[2026-01-29 19:27:03] [INFO] Serveur démarré
[2026-01-29 19:27:03] [INFO] Serveur prêt à accepter les connexions
[2026-01-29 19:31:07] [INFO] Serveur démarré
[2026-01-29 19:31:07] [INFO] Serveur prêt à accepter les connexions
[2026-01-29 19:32:08] [INFO] Serveur démarré
[2026-01-29 19:32:08] [INFO] Serveur prêt à accepter les connexions
[2026-01-29 19:39:45] [INFO] Serveur démarré
[2026-01-29 19:39:45] [INFO] Serveur prêt à accepter les connexions
[2026-01-29 19:54:10] [INFO] Serveur démarré
[2026-01-29 19:54:10] [INFO] Serveur prêt à accepter les connexions
[2026-01-29 19:56:51] [INFO] Serveur démarré
[2026-01-29 19:56:51] [INFO] Serveur prêt à accepter les connexions
[2026-01-29 20:55:26] [INFO] Serveur démarré
[2026-01-29 20:55:26] [INFO] Serveur prêt à accepter les connexions
[2026-01-29 21:27:21] [INFO] Serveur démarré
[2026-01-29 21:27:21] [INFO] Serveur prêt à accepter les connexions
[2026-01-29 21:31:37] [INFO] Serveur démarré
[2026-01-29 21:31:37] [INFO] Serveur prêt à accepter les connexions
[2026-01-29 21:36:07] [INFO] Serveur démarré
[2026-01-29 21:36:07] [INFO] Serveur prêt à accepter les connexions
[2026-01-29 21:39:51] [INFO] Serveur démarré
[2026-01-29 21:39:51] [INFO] Serveur prêt à accepter les connexions
